<?xml version="1.0" encoding="UTF-8"?>
<!-- Generated by org.testng.reporters.JUnitXMLReporter -->
<testsuite ignored="8" hostname="WILASSETA0041.local" failures="3" tests="13" name="TestCases" time="1942.796" errors="0" timestamp="10 Jun 2023 10:02:47 GMT">
  <testcase classname="com.PlanIT.WitsLab.tests.ProjectAndBoardDashBoardTestScript" name="verifyAddMemberFromProjectSetting" time="132.413"/>
  <testcase classname="com.PlanIT.WitsLab.tests.ProjectAndBoardDashBoardTestScript" name="verifyCreateNewProject" time="36.831"/>
  <testcase classname="com.PlanIT.WitsLab.tests.ProjectAndBoardDashBoardTestScript" name="verifyCreateTeamBoard" time="54.011"/>
  <testcase classname="com.PlanIT.WitsLab.tests.BacklogTestScript" name="moveTicketFromOneBoardToAnother" time="194.214">
    <failure type="java.lang.AssertionError" message="expected [false] but found [true]">
      <![CDATA[java.lang.AssertionError: expected [false] but found [true]
at com.PlanIT.WitsLab.tests.BacklogTestScript.moveTicketFromOneBoardToAnother(BacklogTestScript.java:313)
... Removed 35 stack frames]]>
    </failure>
  </testcase> <!-- moveTicketFromOneBoardToAnother -->
  <testcase classname="com.PlanIT.WitsLab.tests.BacklogTestScript" name="verifyAddMemberFunctionalityFromBoard" time="107.491">
    <failure type="java.lang.AssertionError" message="expected [false] but found [true]">
      <![CDATA[java.lang.AssertionError: expected [false] but found [true]
at com.PlanIT.WitsLab.tests.BacklogTestScript.verifyAddMemberFunctionalityFromBoard(BacklogTestScript.java:165)
... Removed 35 stack frames]]>
    </failure>
  </testcase> <!-- verifyAddMemberFunctionalityFromBoard -->
  <testcase classname="com.PlanIT.WitsLab.tests.BacklogTestScript" name="verifyCloneIssueFunctionality" time="126.245"/>
  <testcase classname="com.PlanIT.WitsLab.tests.BacklogTestScript" name="verifyCreateIssueFromBacklogFunctionality" time="118.122"/>
  <testcase classname="com.PlanIT.WitsLab.tests.BacklogTestScript" name="verifyCreateIssueFromBoard" time="172.689"/>
  <testcase classname="com.PlanIT.WitsLab.tests.BacklogTestScript" name="verifyCreateSprintFunctionality" time="86.637"/>
  <testcase classname="com.PlanIT.WitsLab.tests.BacklogTestScript" name="verifySprintActivation" time="81.388"/>
  <testcase classname="com.PlanIT.WitsLab.tests.TicketLandingPageTestScripts" name="verifyAddNewLane" time="195.571"/>
  <testcase classname="com.PlanIT.WitsLab.tests.TicketLandingPageTestScripts" name="verifyChangeTicketStageFromDropdown" time="176.172"/>
  <testcase classname="com.PlanIT.WitsLab.tests.TicketLandingPageTestScripts" name="verifyUpdateDetailsOfTickets" time="100.768">
    <failure type="java.lang.AssertionError" message="expected [false] but found [true]">
      <![CDATA[java.lang.AssertionError: expected [false] but found [true]
at com.PlanIT.WitsLab.tests.TicketLandingPageTestScripts.verifyUpdateDetailsOfTickets(TicketLandingPageTestScripts.java:80)
... Removed 35 stack frames]]>
    </failure>
  </testcase> <!-- verifyUpdateDetailsOfTickets -->
  <testcase classname="com.PlanIT.WitsLab.tests.BaseTestSuite" name="@AfterTest afterTestThreadContextCleanup" time="0.0">
    <ignored/>
  </testcase> <!-- @AfterTest afterTestThreadContextCleanup -->
  <testcase classname="com.PlanIT.WitsLab.tests.BaseTestSuite" name="@AfterTest afterTestThreadContextCleanup" time="0.0">
    <ignored/>
  </testcase> <!-- @AfterTest afterTestThreadContextCleanup -->
  <testcase classname="com.PlanIT.WitsLab.tests.BaseTestSuite" name="@AfterSuite generateReport" time="0.0">
    <ignored/>
  </testcase> <!-- @AfterSuite generateReport -->
  <testcase classname="com.PlanIT.WitsLab.tests.BaseTestSuite" name="@AfterSuite generateReport" time="0.0">
    <ignored/>
  </testcase> <!-- @AfterSuite generateReport -->
  <testcase classname="com.PlanIT.WitsLab.tests.BaseTestSuite" name="@BeforeTest setUp" time="0.0">
    <ignored/>
  </testcase> <!-- @BeforeTest setUp -->
  <testcase classname="com.PlanIT.WitsLab.tests.BaseTestSuite" name="@BeforeTest setUp" time="0.0">
    <ignored/>
  </testcase> <!-- @BeforeTest setUp -->
  <testcase classname="com.PlanIT.WitsLab.tests.BaseTestSuite" name="@BeforeSuite createObject" time="0.0">
    <ignored/>
  </testcase> <!-- @BeforeSuite createObject -->
  <testcase classname="com.PlanIT.WitsLab.tests.BaseTestSuite" name="@BeforeSuite createObject" time="0.0">
    <ignored/>
  </testcase> <!-- @BeforeSuite createObject -->
</testsuite> <!-- TestCases -->
