<?xml version="1.0" encoding="UTF-8"?>
<testng-results ignored="9" total="10" passed="0" failed="1" skipped="0">
  <reporter-output>
  </reporter-output>
  <suite started-at="2023-05-24T13:31:28Z" name="Wil_Plannet" finished-at="2023-05-24T13:35:06Z" duration-ms="217212">
    <groups>
    </groups>
    <test started-at="2023-05-24T13:31:28Z" name="TestCases" finished-at="2023-05-24T13:35:06Z" duration-ms="217212">
      <class name="com.automation.tests.prmsTestScript">
        <test-method is-config="true" signature="createObject()[pri:0, instance:com.automation.tests.prmsTestScript@38f116f6]" started-at="2023-05-24T13:31:28Z" name="createObject" finished-at="2023-05-24T13:31:28Z" duration-ms="3" status="PASS">
          <reporter-output>
          </reporter-output>
        </test-method> <!-- createObject -->
        <test-method is-config="true" signature="beforeTestThreadContextSetup(java.lang.String)[pri:0, instance:com.automation.tests.prmsTestScript@38f116f6]" started-at="2023-05-24T13:31:28Z" name="beforeTestThreadContextSetup" finished-at="2023-05-24T13:31:28Z" duration-ms="2" status="PASS">
          <params>
            <param index="0">
              <value>
                <![CDATA[Chrome]]>
              </value>
            </param>
          </params>
          <reporter-output>
          </reporter-output>
        </test-method> <!-- beforeTestThreadContextSetup -->
        <test-method is-config="true" signature="setUp(java.lang.String)[pri:0, instance:com.automation.tests.prmsTestScript@38f116f6]" started-at="2023-05-24T13:31:28Z" name="setUp" finished-at="2023-05-24T13:31:52Z" duration-ms="23349" status="PASS">
          <params>
            <param index="0">
              <value>
                <![CDATA[Chrome]]>
              </value>
            </param>
          </params>
          <reporter-output>
          </reporter-output>
        </test-method> <!-- setUp -->
        <test-method is-config="true" signature="verifyloginPage(java.lang.reflect.Method)[pri:0, instance:com.automation.tests.prmsTestScript@38f116f6]" started-at="2023-05-24T13:31:52Z" name="verifyloginPage" finished-at="2023-05-24T13:32:10Z" duration-ms="17867" status="PASS">
          <params>
            <param index="0">
              <value>
                <![CDATA[public void com.automation.tests.prmsTestScript.verifyUpdateDetailsOfTickets()]]>
              </value>
            </param>
          </params>
          <reporter-output>
          </reporter-output>
        </test-method> <!-- verifyloginPage -->
        <test-method signature="verifyUpdateDetailsOfTickets()[pri:8, instance:com.automation.tests.prmsTestScript@38f116f6]" started-at="2023-05-24T13:32:10Z" name="verifyUpdateDetailsOfTickets" finished-at="2023-05-24T13:35:02Z" duration-ms="172472" status="FAIL">
          <exception class="java.lang.AssertionError">
            <message>
              <![CDATA[expected [false] but found [true]]]>
            </message>
            <full-stacktrace>
              <![CDATA[java.lang.AssertionError: expected [false] but found [true]
at org.testng.Assert.fail(Assert.java:96)
at org.testng.Assert.failNotEquals(Assert.java:776)
at org.testng.Assert.assertEqualsImpl(Assert.java:137)
at org.testng.Assert.assertEquals(Assert.java:118)
at org.testng.Assert.assertEquals(Assert.java:568)
at org.testng.Assert.assertEquals(Assert.java:578)
at com.automation.tests.prmsTestScript.verifyUpdateDetailsOfTickets(prmsTestScript.java:409)
at java.base/jdk.internal.reflect.NativeMethodAccessorImpl.invoke0(Native Method)
at java.base/jdk.internal.reflect.NativeMethodAccessorImpl.invoke(NativeMethodAccessorImpl.java:77)
at java.base/jdk.internal.reflect.DelegatingMethodAccessorImpl.invoke(DelegatingMethodAccessorImpl.java:43)
at java.base/java.lang.reflect.Method.invoke(Method.java:568)
at org.testng.internal.MethodInvocationHelper.invokeMethod(MethodInvocationHelper.java:124)
at org.testng.internal.Invoker.invokeMethod(Invoker.java:583)
at org.testng.internal.Invoker.invokeTestMethod(Invoker.java:719)
at org.testng.internal.Invoker.invokeTestMethods(Invoker.java:989)
at org.testng.internal.TestMethodWorker.invokeTestMethods(TestMethodWorker.java:125)
at org.testng.internal.TestMethodWorker.run(TestMethodWorker.java:109)
at org.testng.TestRunner.privateRun(TestRunner.java:648)
at org.testng.TestRunner.run(TestRunner.java:505)
at org.testng.SuiteRunner.runTest(SuiteRunner.java:455)
at org.testng.SuiteRunner.runSequentially(SuiteRunner.java:450)
at org.testng.SuiteRunner.privateRun(SuiteRunner.java:415)
at org.testng.SuiteRunner.run(SuiteRunner.java:364)
at org.testng.SuiteRunnerWorker.runSuite(SuiteRunnerWorker.java:52)
at org.testng.SuiteRunnerWorker.run(SuiteRunnerWorker.java:84)
at org.testng.TestNG.runSuitesSequentially(TestNG.java:1208)
at org.testng.TestNG.runSuitesLocally(TestNG.java:1137)
at org.testng.TestNG.runSuites(TestNG.java:1049)
at org.testng.TestNG.run(TestNG.java:1017)
at org.testng.remote.AbstractRemoteTestNG.run(AbstractRemoteTestNG.java:115)
at org.testng.remote.RemoteTestNG.initAndRun(RemoteTestNG.java:251)
at org.testng.remote.RemoteTestNG.main(RemoteTestNG.java:77)
]]>
            </full-stacktrace>
          </exception> <!-- java.lang.AssertionError -->
          <reporter-output>
          </reporter-output>
        </test-method> <!-- verifyUpdateDetailsOfTickets -->
        <test-method is-config="true" signature="logout(org.testng.ITestResult, java.lang.reflect.Method)[pri:0, instance:com.automation.tests.prmsTestScript@38f116f6]" started-at="2023-05-24T13:35:02Z" name="logout" finished-at="2023-05-24T13:35:06Z" duration-ms="3504" status="PASS">
          <params>
            <param index="0">
              <value>
                <![CDATA[[TestResult name=verifyUpdateDetailsOfTickets status=FAILURE method=prmsTestScript.verifyUpdateDetailsOfTickets()[pri:8, instance:com.automation.tests.prmsTestScript@38f116f6] output={null}]]]>
              </value>
            </param>
            <param index="1">
              <value>
                <![CDATA[public void com.automation.tests.prmsTestScript.verifyUpdateDetailsOfTickets()]]>
              </value>
            </param>
          </params>
          <reporter-output>
          </reporter-output>
        </test-method> <!-- logout -->
        <test-method is-config="true" signature="afterTestThreadContextCleanup()[pri:0, instance:com.automation.tests.prmsTestScript@38f116f6]" started-at="2023-05-24T13:35:06Z" name="afterTestThreadContextCleanup" finished-at="2023-05-24T13:35:06Z" duration-ms="0" status="PASS">
          <reporter-output>
          </reporter-output>
        </test-method> <!-- afterTestThreadContextCleanup -->
      </class> <!-- com.automation.tests.prmsTestScript -->
    </test> <!-- TestCases -->
  </suite> <!-- Wil_Plannet -->
</testng-results>
